# JRE version: Java(TM) SE Runtime Environment (17.0.15+9) (build 17.0.15+9-LTS-241)
# Java VM: Java HotSpot(TM) 64-Bit Server VM (17.0.15+9-LTS-241, mixed mode, emulated-client, sharing, tiered, compressed oops, compressed class ptrs, g1 gc, windows-amd64)
GC Precious Log:
 CPUs: 8 total, 8 available
 Memory: 16167M
 Large Page Support: Disabled
 NUMA Support: Disabled
 Compressed Oops: Enabled (Zero based)
 Heap Region Size: 2M
 Heap Min Capacity: 8M
 Heap Initial Capacity: 254M
 Heap Max Capacity: 4042M
 Pre-touch: Disabled
 Parallel Workers: 8
 Concurrent Workers: 2
 Concurrent Refinement Workers: 8
 Periodic GC: Disabled
Heap:
 garbage-first heap   total 178176K, used 96914K [0x0000000703600000, 0x0000000800000000)
  region size 2048K, 2 young (4096K), 2 survivors (4096K)
 Metaspace       used 88648K, committed 89216K, reserved 1179648K
  class space    used 12102K, committed 12352K, reserved 1048576K
GC Heap History (20 events):
Event: 22.647 GC heap after
{Heap after GC invocations=23 (full 0):
 garbage-first heap   total 124928K, used 56675K [0x0000000703600000, 0x0000000800000000)
  region size 2048K, 4 young (8192K), 4 survivors (8192K)
 Metaspace       used 81517K, committed 82048K, reserved 1179648K
  class space    used 10948K, committed 11200K, reserved 1048576K
}
Event: 22.888 GC heap before
{Heap before GC invocations=23 (full 0):
 garbage-first heap   total 124928K, used 101731K [0x0000000703600000, 0x0000000800000000)
  region size 2048K, 24 young (49152K), 4 survivors (8192K)
 Metaspace       used 81627K, committed 82176K, reserved 1179648K
  class space    used 10965K, committed 11200K, reserved 1048576K
}
Event: 22.912 GC heap after
{Heap after GC invocations=24 (full 0):
 garbage-first heap   total 129024K, used 78376K [0x0000000703600000, 0x0000000800000000)
  region size 2048K, 3 young (6144K), 3 survivors (6144K)
 Metaspace       used 81627K, committed 82176K, reserved 1179648K
  class space    used 10965K, committed 11200K, reserved 1048576K
}
Event: 22.967 GC heap before
{Heap before GC invocations=24 (full 0):
 garbage-first heap   total 129024K, used 84520K [0x0000000703600000, 0x0000000800000000)
  region size 2048K, 7 young (14336K), 3 survivors (6144K)
 Metaspace       used 81630K, committed 82176K, reserved 1179648K
  class space    used 10966K, committed 11200K, reserved 1048576K
}
Event: 22.979 GC heap after
{Heap after GC invocations=25 (full 0):
 garbage-first heap   total 129024K, used 82796K [0x0000000703600000, 0x0000000800000000)
  region size 2048K, 2 young (4096K), 2 survivors (4096K)
 Metaspace       used 81630K, committed 82176K, reserved 1179648K
  class space    used 10966K, committed 11200K, reserved 1048576K
}
Event: 23.228 GC heap before
{Heap before GC invocations=26 (full 0):
 garbage-first heap   total 163840K, used 101228K [0x0000000703600000, 0x0000000800000000)
  region size 2048K, 10 young (20480K), 2 survivors (4096K)
 Metaspace       used 81805K, committed 82368K, reserved 1179648K
  class space    used 11000K, committed 11264K, reserved 1048576K
}
Event: 23.242 GC heap after
{Heap after GC invocations=27 (full 0):
 garbage-first heap   total 163840K, used 94120K [0x0000000703600000, 0x0000000800000000)
  region size 2048K, 2 young (4096K), 2 survivors (4096K)
 Metaspace       used 81805K, committed 82368K, reserved 1179648K
  class space    used 11000K, committed 11264K, reserved 1048576K
}
Event: 23.854 GC heap before
{Heap before GC invocations=27 (full 0):
 garbage-first heap   total 163840K, used 118696K [0x0000000703600000, 0x0000000800000000)
  region size 2048K, 14 young (28672K), 2 survivors (4096K)
 Metaspace       used 83276K, committed 83776K, reserved 1179648K
  class space    used 11226K, committed 11456K, reserved 1048576K
}
Event: 23.866 GC heap after
{Heap after GC invocations=28 (full 0):
 garbage-first heap   total 163840K, used 96716K [0x0000000703600000, 0x0000000800000000)
  region size 2048K, 1 young (2048K), 1 survivors (2048K)
 Metaspace       used 83276K, committed 83776K, reserved 1179648K
  class space    used 11226K, committed 11456K, reserved 1048576K
}
Event: 24.554 GC heap before
{Heap before GC invocations=29 (full 0):
 garbage-first heap   total 172032K, used 119244K [0x0000000703600000, 0x0000000800000000)
  region size 2048K, 13 young (26624K), 1 survivors (2048K)
 Metaspace       used 83880K, committed 84416K, reserved 1179648K
  class space    used 11337K, committed 11584K, reserved 1048576K
}
Event: 24.559 GC heap after
{Heap after GC invocations=30 (full 0):
 garbage-first heap   total 172032K, used 95594K [0x0000000703600000, 0x0000000800000000)
  region size 2048K, 2 young (4096K), 2 survivors (4096K)
 Metaspace       used 83880K, committed 84416K, reserved 1179648K
  class space    used 11337K, committed 11584K, reserved 1048576K
}
Event: 24.620 GC heap before
{Heap before GC invocations=30 (full 0):
 garbage-first heap   total 172032K, used 99690K [0x0000000703600000, 0x0000000800000000)
  region size 2048K, 4 young (8192K), 2 survivors (4096K)
 Metaspace       used 83954K, committed 84480K, reserved 1179648K
  class space    used 11350K, committed 11584K, reserved 1048576K
}
Event: 24.625 GC heap after
{Heap after GC invocations=31 (full 0):
 garbage-first heap   total 172032K, used 94821K [0x0000000703600000, 0x0000000800000000)
  region size 2048K, 1 young (2048K), 1 survivors (2048K)
 Metaspace       used 83954K, committed 84480K, reserved 1179648K
  class space    used 11350K, committed 11584K, reserved 1048576K
}
Event: 25.346 GC heap before
{Heap before GC invocations=31 (full 0):
 garbage-first heap   total 172032K, used 125541K [0x0000000703600000, 0x0000000800000000)
  region size 2048K, 16 young (32768K), 1 survivors (2048K)
 Metaspace       used 85061K, committed 85568K, reserved 1179648K
  class space    used 11520K, committed 11776K, reserved 1048576K
}
Event: 25.354 GC heap after
{Heap after GC invocations=32 (full 0):
 garbage-first heap   total 172032K, used 96367K [0x0000000703600000, 0x0000000800000000)
  region size 2048K, 2 young (4096K), 2 survivors (4096K)
 Metaspace       used 85061K, committed 85568K, reserved 1179648K
  class space    used 11520K, committed 11776K, reserved 1048576K
}
Event: 26.691 GC heap before
{Heap before GC invocations=33 (full 0):
 garbage-first heap   total 178176K, used 129135K [0x0000000703600000, 0x0000000800000000)
  region size 2048K, 18 young (36864K), 2 survivors (4096K)
 Metaspace       used 86463K, committed 86976K, reserved 1179648K
  class space    used 11721K, committed 11968K, reserved 1048576K
}
Event: 26.699 GC heap after
{Heap after GC invocations=34 (full 0):
 garbage-first heap   total 178176K, used 97950K [0x0000000703600000, 0x0000000800000000)
  region size 2048K, 2 young (4096K), 2 survivors (4096K)
 Metaspace       used 86463K, committed 86976K, reserved 1179648K
  class space    used 11721K, committed 11968K, reserved 1048576K
}
Event: 26.953 GC heap before
{Heap before GC invocations=34 (full 0):
 garbage-first heap   total 178176K, used 102046K [0x0000000703600000, 0x0000000800000000)
  region size 2048K, 4 young (8192K), 2 survivors (4096K)
 Metaspace       used 87146K, committed 87744K, reserved 1179648K
  class space    used 11828K, committed 12096K, reserved 1048576K
}
Event: 26.969 GC heap after
{Heap after GC invocations=35 (full 0):
 garbage-first heap   total 178176K, used 94584K [0x0000000703600000, 0x0000000800000000)
  region size 2048K, 1 young (2048K), 1 survivors (2048K)
 Metaspace       used 87146K, committed 87744K, reserved 1179648K
  class space    used 11828K, committed 12096K, reserved 1048576K
}
Event: 28.198 GC heap before
{Heap before GC invocations=35 (full 0):
 garbage-first heap   total 178176K, used 137592K [0x0000000703600000, 0x0000000800000000)
  region size 2048K, 22 young (45056K), 1 survivors (2048K)
 Metaspace       used 88648K, committed 89216K, reserved 1179648K
  class space    used 12102K, committed 12352K, reserved 1048576K
}

